2026-01-10T00:00:05.184-03:00 DEBUG 44684 --- [LibraryAPI] [main] i.g.m.LibraryAPI.config.SecurityFilter   : Filter 'securityFilter' configured for use
2026-01-10T00:00:05.198-03:00 DEBUG 44684 --- [LibraryAPI] [main] o.s.w.f.ServerHttpObservationFilter      : Filter 'webMvcObservationFilter' configured for use
2026-01-10T00:00:05.386-03:00 TRACE 44684 --- [LibraryAPI] [main] eGlobalAuthenticationAutowiredConfigurer : Eagerly initializing {securityConfiguration=io.github.marcosvinicius.LibraryAPI.config.SecurityConfiguration$$SpringCGLIB$$0@72426ced}
2026-01-10T00:00:05.454-03:00  INFO 44684 --- [LibraryAPI] [main] r$InitializeUserDetailsManagerConfigurer : Global AuthenticationManager configured with UserDetailsService bean with name userService
2026-01-10T00:00:06.895-03:00  WARN 44684 --- [LibraryAPI] [main] JpaBaseConfiguration$JpaWebConfiguration : spring.jpa.open-in-view is enabled by default. Therefore, database queries may be performed during view rendering. Explicitly configure spring.jpa.open-in-view to disable this warning
2026-01-10T00:00:07.667-03:00 DEBUG 44684 --- [LibraryAPI] [main] o.s.s.web.DefaultSecurityFilterChain     : Will secure any request with filters: DisableEncodeUrlFilter, WebAsyncManagerIntegrationFilter, SecurityContextHolderFilter, HeaderWriterFilter, LogoutFilter, SecurityFilter, RequestCacheAwareFilter, SecurityContextHolderAwareRequestFilter, AnonymousAuthenticationFilter, SessionManagementFilter, ExceptionTranslationFilter, AuthorizationFilter
2026-01-10T00:00:08.029-03:00  WARN 44684 --- [LibraryAPI] [main] s.w.s.m.m.a.RequestMappingHandlerMapping : Multiple @RequestMapping annotations found on public org.springframework.http.ResponseEntity io.github.marcosvinicius.LibraryAPI.controller.AutorController.buscaSimples(java.lang.String), but only the first will be used: [@org.springframework.web.bind.annotation.GetMapping(consumes={}, headers={}, name="", params={}, path={"/{id}"}, produces={}, value={"/{id}"}, version=""), @org.springframework.web.bind.annotation.PostMapping(consumes={}, headers={}, name="", params={}, path={}, produces={}, value={}, version="")]
2026-01-10T00:00:08.131-03:00 DEBUG 44684 --- [LibraryAPI] [main] s.w.s.m.m.a.RequestMappingHandlerMapping : 18 mappings in 'requestMappingHandlerMapping'
2026-01-10T00:00:08.256-03:00 DEBUG 44684 --- [LibraryAPI] [main] o.s.w.s.handler.SimpleUrlHandlerMapping  : Patterns [/webjars/**, /**, /swagger-ui/**, /swagger-ui/*swagger-initializer.js, /webjars/*swagger-ui/**, /webjars/*swagger-ui/*swagger-initializer.js, /webjars/*swagger-ui/5.31.0/*swagger-initializer.js] in 'resourceHandlerMapping'
2026-01-10T00:00:08.486-03:00 DEBUG 44684 --- [LibraryAPI] [main] s.w.s.m.m.a.RequestMappingHandlerAdapter : ControllerAdvice beans: 0 @ModelAttribute, 0 @InitBinder, 1 RequestBodyAdvice, 1 ResponseBodyAdvice
2026-01-10T00:00:08.724-03:00 DEBUG 44684 --- [LibraryAPI] [main] .m.m.a.ExceptionHandlerExceptionResolver : ControllerAdvice beans: 2 @ExceptionHandler, 1 ResponseBodyAdvice
2026-01-10T00:00:11.038-03:00 DEBUG 44684 --- [LibraryAPI] [main] s.w.s.m.m.a.RequestMappingHandlerMapping : 1 mappings in 'requestMappingHandlerMapping'
2026-01-10T00:00:11.057-03:00 DEBUG 44684 --- [LibraryAPI] [main] o.s.w.s.handler.SimpleUrlHandlerMapping  : Patterns [/webjars/**, /**, /swagger-ui/**, /swagger-ui/*swagger-initializer.js, /webjars/*swagger-ui/**, /webjars/*swagger-ui/*swagger-initializer.js, /webjars/*swagger-ui/5.31.0/*swagger-initializer.js] in 'resourceHandlerMapping'
2026-01-10T00:00:11.079-03:00 DEBUG 44684 --- [LibraryAPI] [main] s.w.s.m.m.a.RequestMappingHandlerAdapter : ControllerAdvice beans: 0 @ModelAttribute, 0 @InitBinder, 1 RequestBodyAdvice, 1 ResponseBodyAdvice
2026-01-10T00:00:11.172-03:00  INFO 44684 --- [LibraryAPI] [main] i.g.m.LibraryAPI.LibraryApiApplication   : Started LibraryApiApplication in 27.893 seconds (process running for 29.847)
2026-01-10T00:00:11.605-03:00  WARN 44684 --- [LibraryAPI] [main] o.s.core.events.SpringDocAppInitializer  : SpringDoc /v3/api-docs endpoint is enabled by default. To disable it in production, set the property 'springdoc.api-docs.enabled=false'
2026-01-10T00:00:11.605-03:00  WARN 44684 --- [LibraryAPI] [main] o.s.core.events.SpringDocAppInitializer  : SpringDoc /swagger-ui.html endpoint is enabled by default. To disable it in production, set the property 'springdoc.swagger-ui.enabled=false'
2026-01-10T00:00:51.506-03:00  INFO 44684 --- [LibraryAPI] [http-nio-8080-exec-1] o.s.web.servlet.DispatcherServlet        : Initializing Servlet 'dispatcherServlet'
2026-01-10T00:00:51.513-03:00 DEBUG 44684 --- [LibraryAPI] [http-nio-8080-exec-1] o.s.web.servlet.DispatcherServlet        : Detected StandardServletMultipartResolver
2026-01-10T00:00:51.513-03:00 DEBUG 44684 --- [LibraryAPI] [http-nio-8080-exec-1] o.s.web.servlet.DispatcherServlet        : Detected AcceptHeaderLocaleResolver
2026-01-10T00:00:51.547-03:00 DEBUG 44684 --- [LibraryAPI] [http-nio-8080-exec-1] o.s.web.servlet.DispatcherServlet        : Detected org.springframework.web.servlet.view.DefaultRequestToViewNameTranslator@200ef05b
2026-01-10T00:00:51.549-03:00 DEBUG 44684 --- [LibraryAPI] [http-nio-8080-exec-1] o.s.web.servlet.DispatcherServlet        : Detected org.springframework.web.servlet.support.SessionFlashMapManager@67253518
2026-01-10T00:00:51.556-03:00 DEBUG 44684 --- [LibraryAPI] [http-nio-8080-exec-1] o.s.web.servlet.DispatcherServlet        : enableLoggingRequestDetails='false': request parameters and headers will be masked to prevent unsafe logging of potentially sensitive data
2026-01-10T00:00:51.559-03:00  INFO 44684 --- [LibraryAPI] [http-nio-8080-exec-1] o.s.web.servlet.DispatcherServlet        : Completed initialization in 46 ms
2026-01-10T00:00:51.678-03:00 TRACE 44684 --- [LibraryAPI] [http-nio-8080-exec-1] o.s.security.web.FilterChainProxy        : Trying to match request against DefaultSecurityFilterChain defined as 'SecuriyFilterChain' in [class path resource [io/github/marcosvinicius/LibraryAPI/config/SecurityConfiguration.class]] matching [any request] and having filters [DisableEncodeUrl, WebAsyncManagerIntegration, SecurityContextHolder, HeaderWriter, Logout, Security, RequestCacheAware, SecurityContextHolderAwareRequest, AnonymousAuthentication, SessionManagement, ExceptionTranslation, Authorization] (1/1)
2026-01-10T00:00:51.679-03:00 DEBUG 44684 --- [LibraryAPI] [http-nio-8080-exec-1] o.s.security.web.FilterChainProxy        : Securing POST /auth/login
2026-01-10T00:00:51.689-03:00 TRACE 44684 --- [LibraryAPI] [http-nio-8080-exec-1] o.s.security.web.FilterChainProxy        : Invoking DisableEncodeUrlFilter (1/12)
2026-01-10T00:00:51.701-03:00 TRACE 44684 --- [LibraryAPI] [http-nio-8080-exec-1] o.s.security.web.FilterChainProxy        : Invoking WebAsyncManagerIntegrationFilter (2/12)
2026-01-10T00:00:51.719-03:00 TRACE 44684 --- [LibraryAPI] [http-nio-8080-exec-1] o.s.security.web.FilterChainProxy        : Invoking SecurityContextHolderFilter (3/12)
2026-01-10T00:00:51.728-03:00 TRACE 44684 --- [LibraryAPI] [http-nio-8080-exec-1] o.s.security.web.FilterChainProxy        : Invoking HeaderWriterFilter (4/12)
2026-01-10T00:00:51.738-03:00 TRACE 44684 --- [LibraryAPI] [http-nio-8080-exec-1] o.s.security.web.FilterChainProxy        : Invoking LogoutFilter (5/12)
2026-01-10T00:00:51.742-03:00 TRACE 44684 --- [LibraryAPI] [http-nio-8080-exec-1] o.s.s.w.a.logout.LogoutFilter            : Did not match request to Or [PathPattern [GET /logout], PathPattern [POST /logout], PathPattern [PUT /logout], PathPattern [DELETE /logout]]
2026-01-10T00:00:51.744-03:00 TRACE 44684 --- [LibraryAPI] [http-nio-8080-exec-1] o.s.security.web.FilterChainProxy        : Invoking SecurityFilter (6/12)
2026-01-10T00:00:51.745-03:00  WARN 44684 --- [LibraryAPI] [http-nio-8080-exec-1] i.g.m.LibraryAPI.config.SecurityFilter   : JWT ausente | POST /auth/login
2026-01-10T00:00:51.746-03:00 TRACE 44684 --- [LibraryAPI] [http-nio-8080-exec-1] o.s.security.web.FilterChainProxy        : Invoking RequestCacheAwareFilter (7/12)
2026-01-10T00:00:51.747-03:00 TRACE 44684 --- [LibraryAPI] [http-nio-8080-exec-1] o.s.security.web.FilterChainProxy        : Invoking SecurityContextHolderAwareRequestFilter (8/12)
2026-01-10T00:00:51.754-03:00 TRACE 44684 --- [LibraryAPI] [http-nio-8080-exec-1] o.s.security.web.FilterChainProxy        : Invoking AnonymousAuthenticationFilter (9/12)
2026-01-10T00:00:51.756-03:00 TRACE 44684 --- [LibraryAPI] [http-nio-8080-exec-1] o.s.security.web.FilterChainProxy        : Invoking SessionManagementFilter (10/12)
2026-01-10T00:00:51.758-03:00 TRACE 44684 --- [LibraryAPI] [http-nio-8080-exec-1] .s.s.w.c.SupplierDeferredSecurityContext : Created SecurityContextImpl [Null authentication]
2026-01-10T00:00:51.763-03:00 TRACE 44684 --- [LibraryAPI] [http-nio-8080-exec-1] o.s.s.w.a.AnonymousAuthenticationFilter  : Set SecurityContextHolder to AnonymousAuthenticationToken [Principal=anonymousUser, Credentials=[PROTECTED], Authenticated=true, Details=WebAuthenticationDetails [RemoteIpAddress=0:0:0:0:0:0:0:1, SessionId=null], Granted Authorities=[ROLE_ANONYMOUS]]
2026-01-10T00:00:51.764-03:00 TRACE 44684 --- [LibraryAPI] [http-nio-8080-exec-1] o.s.security.web.FilterChainProxy        : Invoking ExceptionTranslationFilter (11/12)
2026-01-10T00:00:51.764-03:00 TRACE 44684 --- [LibraryAPI] [http-nio-8080-exec-1] o.s.security.web.FilterChainProxy        : Invoking AuthorizationFilter (12/12)
2026-01-10T00:00:51.773-03:00 TRACE 44684 --- [LibraryAPI] [http-nio-8080-exec-1] estMatcherDelegatingAuthorizationManager : Authorizing POST /auth/login
2026-01-10T00:00:51.775-03:00 TRACE 44684 --- [LibraryAPI] [http-nio-8080-exec-1] estMatcherDelegatingAuthorizationManager : Checking authorization on POST /auth/login using org.springframework.security.authorization.SingleResultAuthorizationManager@3e366a0
2026-01-10T00:00:51.790-03:00 DEBUG 44684 --- [LibraryAPI] [http-nio-8080-exec-1] o.s.security.web.FilterChainProxy        : Secured POST /auth/login
2026-01-10T00:00:51.798-03:00 DEBUG 44684 --- [LibraryAPI] [http-nio-8080-exec-1] o.s.web.servlet.DispatcherServlet        : POST "/auth/login", parameters={}
2026-01-10T00:00:51.812-03:00 DEBUG 44684 --- [LibraryAPI] [http-nio-8080-exec-1] s.w.s.m.m.a.RequestMappingHandlerMapping : Mapped to io.github.marcosvinicius.LibraryAPI.controller.AuthController#login(UserLoginDTO)
2026-01-10T00:00:52.196-03:00 DEBUG 44684 --- [LibraryAPI] [http-nio-8080-exec-1] m.m.a.RequestResponseBodyMethodProcessor : Read "application/json;charset=UTF-8" to [UserLoginDTO[login=gerente2026@gmail.com, password=Gerente2026]]
2026-01-10T00:00:52.395-03:00  INFO 44684 --- [LibraryAPI] [http-nio-8080-exec-1] i.g.m.L.controller.AuthController        : Tentativa de login | login = gerente2026@gmail.com
2026-01-10T00:00:52.400-03:00 TRACE 44684 --- [LibraryAPI] [http-nio-8080-exec-1] o.s.s.authentication.ProviderManager     : Authenticating request with DaoAuthenticationProvider (1/1)
2026-01-10T00:00:54.751-03:00 DEBUG 44684 --- [LibraryAPI] [http-nio-8080-exec-1] o.s.s.a.dao.DaoAuthenticationProvider    : Authenticated user
2026-01-10T00:00:54.814-03:00  INFO 44684 --- [LibraryAPI] [http-nio-8080-exec-1] i.g.m.L.controller.AuthController        : Login OK | login = gerente2026@gmail.com | role = [GERENTE]
2026-01-10T00:00:54.914-03:00 DEBUG 44684 --- [LibraryAPI] [http-nio-8080-exec-1] o.s.w.s.m.m.a.HttpEntityMethodProcessor  : Using 'application/json', given [*/*] and supported [application/json, application/*+json, application/yaml]
2026-01-10T00:00:54.918-03:00 DEBUG 44684 --- [LibraryAPI] [http-nio-8080-exec-1] o.s.w.s.m.m.a.HttpEntityMethodProcessor  : Writing [LoginResponseDTO[token=eyJhbGciOiJIUzI1NiIsInR5cCI6IkpXVCJ9.eyJpc3MiOiJhdXRoLWFwaSIsInN1YiI6ImdlcmVu (truncated)...]
2026-01-10T00:00:55.011-03:00 TRACE 44684 --- [LibraryAPI] [http-nio-8080-exec-1] o.s.s.w.header.writers.HstsHeaderWriter  : Not injecting HSTS header since it did not match request to [Is Secure]
2026-01-10T00:00:55.023-03:00 DEBUG 44684 --- [LibraryAPI] [http-nio-8080-exec-1] o.s.web.servlet.DispatcherServlet        : Completed 200 OK
2026-01-10T00:01:04.145-03:00 TRACE 44684 --- [LibraryAPI] [http-nio-8080-exec-5] o.s.security.web.FilterChainProxy        : Trying to match request against DefaultSecurityFilterChain defined as 'SecuriyFilterChain' in [class path resource [io/github/marcosvinicius/LibraryAPI/config/SecurityConfiguration.class]] matching [any request] and having filters [DisableEncodeUrl, WebAsyncManagerIntegration, SecurityContextHolder, HeaderWriter, Logout, Security, RequestCacheAware, SecurityContextHolderAwareRequest, AnonymousAuthentication, SessionManagement, ExceptionTranslation, Authorization] (1/1)
2026-01-10T00:01:04.145-03:00 DEBUG 44684 --- [LibraryAPI] [http-nio-8080-exec-5] o.s.security.web.FilterChainProxy        : Securing POST /auth/login
2026-01-10T00:01:04.145-03:00 TRACE 44684 --- [LibraryAPI] [http-nio-8080-exec-5] o.s.security.web.FilterChainProxy        : Invoking DisableEncodeUrlFilter (1/12)
2026-01-10T00:01:04.147-03:00 TRACE 44684 --- [LibraryAPI] [http-nio-8080-exec-5] o.s.security.web.FilterChainProxy        : Invoking WebAsyncManagerIntegrationFilter (2/12)
2026-01-10T00:01:04.147-03:00 TRACE 44684 --- [LibraryAPI] [http-nio-8080-exec-5] o.s.security.web.FilterChainProxy        : Invoking SecurityContextHolderFilter (3/12)
2026-01-10T00:01:04.147-03:00 TRACE 44684 --- [LibraryAPI] [http-nio-8080-exec-5] o.s.security.web.FilterChainProxy        : Invoking HeaderWriterFilter (4/12)
2026-01-10T00:01:04.148-03:00 TRACE 44684 --- [LibraryAPI] [http-nio-8080-exec-5] o.s.security.web.FilterChainProxy        : Invoking LogoutFilter (5/12)
2026-01-10T00:01:04.148-03:00 TRACE 44684 --- [LibraryAPI] [http-nio-8080-exec-5] o.s.s.w.a.logout.LogoutFilter            : Did not match request to Or [PathPattern [GET /logout], PathPattern [POST /logout], PathPattern [PUT /logout], PathPattern [DELETE /logout]]
2026-01-10T00:01:04.148-03:00 TRACE 44684 --- [LibraryAPI] [http-nio-8080-exec-5] o.s.security.web.FilterChainProxy        : Invoking SecurityFilter (6/12)
2026-01-10T00:01:04.148-03:00  WARN 44684 --- [LibraryAPI] [http-nio-8080-exec-5] i.g.m.LibraryAPI.config.SecurityFilter   : JWT ausente | POST /auth/login
2026-01-10T00:01:04.148-03:00 TRACE 44684 --- [LibraryAPI] [http-nio-8080-exec-5] o.s.security.web.FilterChainProxy        : Invoking RequestCacheAwareFilter (7/12)
2026-01-10T00:01:04.148-03:00 TRACE 44684 --- [LibraryAPI] [http-nio-8080-exec-5] o.s.security.web.FilterChainProxy        : Invoking SecurityContextHolderAwareRequestFilter (8/12)
2026-01-10T00:01:04.149-03:00 TRACE 44684 --- [LibraryAPI] [http-nio-8080-exec-5] o.s.security.web.FilterChainProxy        : Invoking AnonymousAuthenticationFilter (9/12)
2026-01-10T00:01:04.149-03:00 TRACE 44684 --- [LibraryAPI] [http-nio-8080-exec-5] o.s.security.web.FilterChainProxy        : Invoking SessionManagementFilter (10/12)
2026-01-10T00:01:04.151-03:00 TRACE 44684 --- [LibraryAPI] [http-nio-8080-exec-5] .s.s.w.c.SupplierDeferredSecurityContext : Created SecurityContextImpl [Null authentication]
2026-01-10T00:01:04.152-03:00 TRACE 44684 --- [LibraryAPI] [http-nio-8080-exec-5] o.s.s.w.a.AnonymousAuthenticationFilter  : Set SecurityContextHolder to AnonymousAuthenticationToken [Principal=anonymousUser, Credentials=[PROTECTED], Authenticated=true, Details=WebAuthenticationDetails [RemoteIpAddress=0:0:0:0:0:0:0:1, SessionId=null], Granted Authorities=[ROLE_ANONYMOUS]]
2026-01-10T00:01:04.154-03:00 TRACE 44684 --- [LibraryAPI] [http-nio-8080-exec-5] o.s.security.web.FilterChainProxy        : Invoking ExceptionTranslationFilter (11/12)
2026-01-10T00:01:04.154-03:00 TRACE 44684 --- [LibraryAPI] [http-nio-8080-exec-5] o.s.security.web.FilterChainProxy        : Invoking AuthorizationFilter (12/12)
2026-01-10T00:01:04.155-03:00 TRACE 44684 --- [LibraryAPI] [http-nio-8080-exec-5] estMatcherDelegatingAuthorizationManager : Authorizing POST /auth/login
2026-01-10T00:01:04.156-03:00 TRACE 44684 --- [LibraryAPI] [http-nio-8080-exec-5] estMatcherDelegatingAuthorizationManager : Checking authorization on POST /auth/login using org.springframework.security.authorization.SingleResultAuthorizationManager@3e366a0
2026-01-10T00:01:04.157-03:00 DEBUG 44684 --- [LibraryAPI] [http-nio-8080-exec-5] o.s.security.web.FilterChainProxy        : Secured POST /auth/login
2026-01-10T00:01:04.157-03:00 DEBUG 44684 --- [LibraryAPI] [http-nio-8080-exec-5] o.s.web.servlet.DispatcherServlet        : POST "/auth/login", parameters={}
2026-01-10T00:01:04.158-03:00 DEBUG 44684 --- [LibraryAPI] [http-nio-8080-exec-5] s.w.s.m.m.a.RequestMappingHandlerMapping : Mapped to io.github.marcosvinicius.LibraryAPI.controller.AuthController#login(UserLoginDTO)
2026-01-10T00:01:04.161-03:00 DEBUG 44684 --- [LibraryAPI] [http-nio-8080-exec-5] m.m.a.RequestResponseBodyMethodProcessor : Read "application/json;charset=UTF-8" to [UserLoginDTO[login=gerente2026@gmail.com, password=Gerente20262]]
2026-01-10T00:01:04.162-03:00  INFO 44684 --- [LibraryAPI] [http-nio-8080-exec-5] i.g.m.L.controller.AuthController        : Tentativa de login | login = gerente2026@gmail.com
2026-01-10T00:01:04.163-03:00 TRACE 44684 --- [LibraryAPI] [http-nio-8080-exec-5] o.s.s.authentication.ProviderManager     : Authenticating request with DaoAuthenticationProvider (1/1)
2026-01-10T00:01:05.044-03:00 DEBUG 44684 --- [LibraryAPI] [http-nio-8080-exec-5] o.s.s.a.dao.DaoAuthenticationProvider    : Failed to authenticate since password does not match stored value
2026-01-10T00:01:05.065-03:00 DEBUG 44684 --- [LibraryAPI] [http-nio-8080-exec-5] o.s.s.authentication.ProviderManager     : Authentication failed with provider DaoAuthenticationProvider since Usuário inexistente ou senha inválida
2026-01-10T00:01:05.081-03:00 DEBUG 44684 --- [LibraryAPI] [http-nio-8080-exec-5] .m.m.a.ExceptionHandlerExceptionResolver : Using @ExceptionHandler io.github.marcosvinicius.LibraryAPI.exceptionHandler.GlobalExceptionHandler#handleBadCredentialsException(BadCredentialsException)
2026-01-10T00:01:05.081-03:00 ERROR 44684 --- [LibraryAPI] [http-nio-8080-exec-5] i.g.m.L.e.GlobalExceptionHandler         : Erro credenciais inválidas: Usuário inexistente ou senha inválida 
2026-01-10T00:01:05.093-03:00 DEBUG 44684 --- [LibraryAPI] [http-nio-8080-exec-5] o.s.w.s.m.m.a.HttpEntityMethodProcessor  : Using 'application/json', given [*/*] and supported [application/json, application/*+json, application/yaml]
2026-01-10T00:01:05.096-03:00 DEBUG 44684 --- [LibraryAPI] [http-nio-8080-exec-5] o.s.w.s.m.m.a.HttpEntityMethodProcessor  : Writing [ErroSimples[status=401, mensagem=Erro! Credenciais inválidas]]
2026-01-10T00:01:05.111-03:00 TRACE 44684 --- [LibraryAPI] [http-nio-8080-exec-5] o.s.s.w.header.writers.HstsHeaderWriter  : Not injecting HSTS header since it did not match request to [Is Secure]
2026-01-10T00:01:05.113-03:00 DEBUG 44684 --- [LibraryAPI] [http-nio-8080-exec-5] .m.m.a.ExceptionHandlerExceptionResolver : Resolved [org.springframework.security.authentication.BadCredentialsException: Usuário inexistente ou senha inválida]
2026-01-10T00:01:05.114-03:00 DEBUG 44684 --- [LibraryAPI] [http-nio-8080-exec-5] o.s.web.servlet.DispatcherServlet        : Completed 401 UNAUTHORIZED
2026-01-10T00:01:34.334-03:00 TRACE 44684 --- [LibraryAPI] [http-nio-8080-exec-6] o.s.security.web.FilterChainProxy        : Trying to match request against DefaultSecurityFilterChain defined as 'SecuriyFilterChain' in [class path resource [io/github/marcosvinicius/LibraryAPI/config/SecurityConfiguration.class]] matching [any request] and having filters [DisableEncodeUrl, WebAsyncManagerIntegration, SecurityContextHolder, HeaderWriter, Logout, Security, RequestCacheAware, SecurityContextHolderAwareRequest, AnonymousAuthentication, SessionManagement, ExceptionTranslation, Authorization] (1/1)
2026-01-10T00:01:34.341-03:00 DEBUG 44684 --- [LibraryAPI] [http-nio-8080-exec-6] o.s.security.web.FilterChainProxy        : Securing POST /autores
2026-01-10T00:01:34.342-03:00 TRACE 44684 --- [LibraryAPI] [http-nio-8080-exec-6] o.s.security.web.FilterChainProxy        : Invoking DisableEncodeUrlFilter (1/12)
2026-01-10T00:01:34.343-03:00 TRACE 44684 --- [LibraryAPI] [http-nio-8080-exec-6] o.s.security.web.FilterChainProxy        : Invoking WebAsyncManagerIntegrationFilter (2/12)
2026-01-10T00:01:34.344-03:00 TRACE 44684 --- [LibraryAPI] [http-nio-8080-exec-6] o.s.security.web.FilterChainProxy        : Invoking SecurityContextHolderFilter (3/12)
2026-01-10T00:01:34.345-03:00 TRACE 44684 --- [LibraryAPI] [http-nio-8080-exec-6] o.s.security.web.FilterChainProxy        : Invoking HeaderWriterFilter (4/12)
2026-01-10T00:01:34.345-03:00 TRACE 44684 --- [LibraryAPI] [http-nio-8080-exec-6] o.s.security.web.FilterChainProxy        : Invoking LogoutFilter (5/12)
2026-01-10T00:01:34.346-03:00 TRACE 44684 --- [LibraryAPI] [http-nio-8080-exec-6] o.s.s.w.a.logout.LogoutFilter            : Did not match request to Or [PathPattern [GET /logout], PathPattern [POST /logout], PathPattern [PUT /logout], PathPattern [DELETE /logout]]
2026-01-10T00:01:34.347-03:00 TRACE 44684 --- [LibraryAPI] [http-nio-8080-exec-6] o.s.security.web.FilterChainProxy        : Invoking SecurityFilter (6/12)
2026-01-10T00:01:35.080-03:00 TRACE 44684 --- [LibraryAPI] [http-nio-8080-exec-6] .s.s.w.c.SupplierDeferredSecurityContext : Created SecurityContextImpl [Null authentication]
2026-01-10T00:01:35.082-03:00 DEBUG 44684 --- [LibraryAPI] [http-nio-8080-exec-6] i.g.m.LibraryAPI.config.SecurityFilter   : Autenticado via JWT | subject = gerente2026@gmail.com | Role = [GERENTE] | POST /autores
2026-01-10T00:01:35.082-03:00 TRACE 44684 --- [LibraryAPI] [http-nio-8080-exec-6] o.s.security.web.FilterChainProxy        : Invoking RequestCacheAwareFilter (7/12)
2026-01-10T00:01:35.084-03:00 TRACE 44684 --- [LibraryAPI] [http-nio-8080-exec-6] o.s.security.web.FilterChainProxy        : Invoking SecurityContextHolderAwareRequestFilter (8/12)
2026-01-10T00:01:35.085-03:00 TRACE 44684 --- [LibraryAPI] [http-nio-8080-exec-6] o.s.security.web.FilterChainProxy        : Invoking AnonymousAuthenticationFilter (9/12)
2026-01-10T00:01:35.086-03:00 TRACE 44684 --- [LibraryAPI] [http-nio-8080-exec-6] o.s.security.web.FilterChainProxy        : Invoking SessionManagementFilter (10/12)
2026-01-10T00:01:35.090-03:00 TRACE 44684 --- [LibraryAPI] [http-nio-8080-exec-6] o.s.s.w.a.AnonymousAuthenticationFilter  : Did not set SecurityContextHolder since already authenticated UsernamePasswordAuthenticationToken [Principal=io.github.marcosvinicius.LibraryAPI.model.User@1a17373e, Credentials=[PROTECTED], Authenticated=true, Details=null, Granted Authorities=[GERENTE]]
2026-01-10T00:01:35.090-03:00 TRACE 44684 --- [LibraryAPI] [http-nio-8080-exec-6] s.CompositeSessionAuthenticationStrategy : Preparing session with ChangeSessionIdAuthenticationStrategy (1/1)
2026-01-10T00:01:35.091-03:00 TRACE 44684 --- [LibraryAPI] [http-nio-8080-exec-6] o.s.security.web.FilterChainProxy        : Invoking ExceptionTranslationFilter (11/12)
2026-01-10T00:01:35.091-03:00 TRACE 44684 --- [LibraryAPI] [http-nio-8080-exec-6] o.s.security.web.FilterChainProxy        : Invoking AuthorizationFilter (12/12)
2026-01-10T00:01:35.092-03:00 TRACE 44684 --- [LibraryAPI] [http-nio-8080-exec-6] estMatcherDelegatingAuthorizationManager : Authorizing POST /autores
2026-01-10T00:01:35.093-03:00 TRACE 44684 --- [LibraryAPI] [http-nio-8080-exec-6] estMatcherDelegatingAuthorizationManager : Checking authorization on POST /autores using AuthorityAuthorizationManager[authorities=[GERENTE]]
2026-01-10T00:01:35.098-03:00 DEBUG 44684 --- [LibraryAPI] [http-nio-8080-exec-6] o.s.security.web.FilterChainProxy        : Secured POST /autores
2026-01-10T00:01:35.098-03:00 DEBUG 44684 --- [LibraryAPI] [http-nio-8080-exec-6] o.s.web.servlet.DispatcherServlet        : POST "/autores", parameters={}
2026-01-10T00:01:35.100-03:00 DEBUG 44684 --- [LibraryAPI] [http-nio-8080-exec-6] s.w.s.m.m.a.RequestMappingHandlerMapping : Mapped to io.github.marcosvinicius.LibraryAPI.controller.AutorController#cadastrar(CadastroAutorDTO)
2026-01-10T00:01:35.137-03:00 DEBUG 44684 --- [LibraryAPI] [http-nio-8080-exec-6] m.m.a.RequestResponseBodyMethodProcessor : Read "application/json;charset=UTF-8" to [CadastroAutorDTO[nome=Napoleão, dataNascimento=1984-03-18, nacionalidade=Russa]]
2026-01-10T00:01:35.162-03:00  INFO 44684 --- [LibraryAPI] [http-nio-8080-exec-6] i.g.m.L.controller.AutorController       : Tentativa de cadastro de autor: Nome: Napoleão
2026-01-10T00:01:35.877-03:00  INFO 44684 --- [LibraryAPI] [http-nio-8080-exec-6] i.g.m.L.controller.AutorController       : Autor cadastrado com sucesso: Nome: Napoleão
2026-01-10T00:01:36.111-03:00 DEBUG 44684 --- [LibraryAPI] [http-nio-8080-exec-6] o.s.w.s.m.m.a.HttpEntityMethodProcessor  : Using 'application/json', given [*/*] and supported [application/json, application/*+json, application/yaml]
2026-01-10T00:01:36.195-03:00 DEBUG 44684 --- [LibraryAPI] [http-nio-8080-exec-6] o.s.w.s.m.m.a.HttpEntityMethodProcessor  : Writing [ResponseCadastroAutorDTO[nome=Napoleão, dataNascimento=1984-03-18, nacionalidade=Russa, dataCadastro (truncated)...]
2026-01-10T00:01:36.247-03:00 TRACE 44684 --- [LibraryAPI] [http-nio-8080-exec-6] o.s.s.w.header.writers.HstsHeaderWriter  : Not injecting HSTS header since it did not match request to [Is Secure]
2026-01-10T00:01:36.249-03:00 DEBUG 44684 --- [LibraryAPI] [http-nio-8080-exec-6] o.s.web.servlet.DispatcherServlet        : Completed 201 CREATED
2026-01-10T02:47:49.728-03:00  WARN 44684 --- [LibraryAPI] [HikariPool-1:housekeeper] com.zaxxer.hikari.pool.HikariPool        : HikariPool-1 - Thread starvation or clock leap detected (housekeeper delta=2h29m49s64ms848µs100ns).
2026-01-10T02:47:59.527-03:00  WARN 44684 --- [LibraryAPI] [HikariPool-1:housekeeper] com.zaxxer.hikari.pool.PoolBase          : HikariPool-1 - Failed to validate connection org.postgresql.jdbc.PgConnection@4028ac0a (This connection has been closed.). Possibly consider using a shorter maxLifetime value.
2026-01-10T02:48:00.561-03:00  WARN 44684 --- [LibraryAPI] [HikariPool-1:housekeeper] com.zaxxer.hikari.pool.PoolBase          : HikariPool-1 - Failed to validate connection org.postgresql.jdbc.PgConnection@47e2b48f (This connection has been closed.). Possibly consider using a shorter maxLifetime value.
2026-01-10T02:48:00.723-03:00  WARN 44684 --- [LibraryAPI] [HikariPool-1:housekeeper] com.zaxxer.hikari.pool.PoolBase          : HikariPool-1 - Failed to validate connection org.postgresql.jdbc.PgConnection@42af1885 (This connection has been closed.). Possibly consider using a shorter maxLifetime value.
2026-01-10T02:48:00.903-03:00  WARN 44684 --- [LibraryAPI] [HikariPool-1:housekeeper] com.zaxxer.hikari.pool.PoolBase          : HikariPool-1 - Failed to validate connection org.postgresql.jdbc.PgConnection@68ee12d9 (This connection has been closed.). Possibly consider using a shorter maxLifetime value.
2026-01-10T02:48:01.075-03:00  WARN 44684 --- [LibraryAPI] [HikariPool-1:housekeeper] com.zaxxer.hikari.pool.PoolBase          : HikariPool-1 - Failed to validate connection org.postgresql.jdbc.PgConnection@576706e8 (This connection has been closed.). Possibly consider using a shorter maxLifetime value.
2026-01-10T02:48:01.225-03:00  WARN 44684 --- [LibraryAPI] [HikariPool-1:housekeeper] com.zaxxer.hikari.pool.PoolBase          : HikariPool-1 - Failed to validate connection org.postgresql.jdbc.PgConnection@5f38647 (This connection has been closed.). Possibly consider using a shorter maxLifetime value.
2026-01-10T02:48:01.383-03:00  WARN 44684 --- [LibraryAPI] [HikariPool-1:housekeeper] com.zaxxer.hikari.pool.PoolBase          : HikariPool-1 - Failed to validate connection org.postgresql.jdbc.PgConnection@3f22cd4c (This connection has been closed.). Possibly consider using a shorter maxLifetime value.
2026-01-10T02:48:01.526-03:00  WARN 44684 --- [LibraryAPI] [HikariPool-1:housekeeper] com.zaxxer.hikari.pool.PoolBase          : HikariPool-1 - Failed to validate connection org.postgresql.jdbc.PgConnection@27c268ab (This connection has been closed.). Possibly consider using a shorter maxLifetime value.
2026-01-10T02:48:01.679-03:00  WARN 44684 --- [LibraryAPI] [HikariPool-1:housekeeper] com.zaxxer.hikari.pool.PoolBase          : HikariPool-1 - Failed to validate connection org.postgresql.jdbc.PgConnection@48fd6afd (This connection has been closed.). Possibly consider using a shorter maxLifetime value.
2026-01-10T02:48:01.820-03:00  WARN 44684 --- [LibraryAPI] [HikariPool-1:housekeeper] com.zaxxer.hikari.pool.PoolBase          : HikariPool-1 - Failed to validate connection org.postgresql.jdbc.PgConnection@51250c1b (This connection has been closed.). Possibly consider using a shorter maxLifetime value.
