2026-01-09T13:50:49.595-03:00  INFO 38224 --- [LibraryAPI] [main] i.g.m.LibraryAPI.LibraryApiApplication   : Starting LibraryApiApplication v0.0.1-SNAPSHOT using Java 25.0.1 with PID 38224 (C:\Users\ZAX\Downloads\LibraryAPI (1)\LibraryAPI\target\LibraryAPI-0.0.1-SNAPSHOT.jar started by ZAX in C:\Users\ZAX\Downloads\LibraryAPI (1)\LibraryAPI)
2026-01-09T13:50:49.601-03:00 DEBUG 38224 --- [LibraryAPI] [main] i.g.m.LibraryAPI.LibraryApiApplication   : Running with Spring Boot v4.0.1, Spring v7.0.2
2026-01-09T13:50:49.603-03:00  INFO 38224 --- [LibraryAPI] [main] i.g.m.LibraryAPI.LibraryApiApplication   : The following 1 profile is active: "production"
2026-01-09T13:51:06.721-03:00 DEBUG 38224 --- [LibraryAPI] [main] i.g.m.LibraryAPI.config.SecurityFilter   : Filter 'securityFilter' configured for use
2026-01-09T13:51:06.728-03:00 DEBUG 38224 --- [LibraryAPI] [main] o.s.w.f.ServerHttpObservationFilter      : Filter 'webMvcObservationFilter' configured for use
2026-01-09T13:51:06.878-03:00 TRACE 38224 --- [LibraryAPI] [main] eGlobalAuthenticationAutowiredConfigurer : Eagerly initializing {securityConfiguration=io.github.marcosvinicius.LibraryAPI.config.SecurityConfiguration$$SpringCGLIB$$0@3a5e591b}
2026-01-09T13:51:06.937-03:00  INFO 38224 --- [LibraryAPI] [main] r$InitializeUserDetailsManagerConfigurer : Global AuthenticationManager configured with UserDetailsService bean with name userService
2026-01-09T13:51:07.598-03:00  WARN 38224 --- [LibraryAPI] [main] JpaBaseConfiguration$JpaWebConfiguration : spring.jpa.open-in-view is enabled by default. Therefore, database queries may be performed during view rendering. Explicitly configure spring.jpa.open-in-view to disable this warning
2026-01-09T13:51:08.798-03:00 DEBUG 38224 --- [LibraryAPI] [main] o.s.s.web.DefaultSecurityFilterChain     : Will secure any request with filters: DisableEncodeUrlFilter, WebAsyncManagerIntegrationFilter, SecurityContextHolderFilter, HeaderWriterFilter, LogoutFilter, SecurityFilter, RequestCacheAwareFilter, SecurityContextHolderAwareRequestFilter, AnonymousAuthenticationFilter, SessionManagementFilter, ExceptionTranslationFilter, AuthorizationFilter
2026-01-09T13:51:09.101-03:00  WARN 38224 --- [LibraryAPI] [main] s.w.s.m.m.a.RequestMappingHandlerMapping : Multiple @RequestMapping annotations found on public org.springframework.http.ResponseEntity io.github.marcosvinicius.LibraryAPI.controller.AutorController.buscaSimples(java.lang.String), but only the first will be used: [@org.springframework.web.bind.annotation.GetMapping(consumes={}, headers={}, name="", params={}, path={"/{id}"}, produces={}, value={"/{id}"}, version=""), @org.springframework.web.bind.annotation.PostMapping(consumes={}, headers={}, name="", params={}, path={}, produces={}, value={}, version="")]
2026-01-09T13:51:09.222-03:00 DEBUG 38224 --- [LibraryAPI] [main] s.w.s.m.m.a.RequestMappingHandlerMapping : 18 mappings in 'requestMappingHandlerMapping'
2026-01-09T13:51:09.370-03:00 DEBUG 38224 --- [LibraryAPI] [main] o.s.w.s.handler.SimpleUrlHandlerMapping  : Patterns [/webjars/**, /**, /swagger-ui/**, /swagger-ui/*swagger-initializer.js, /webjars/*swagger-ui/**, /webjars/*swagger-ui/*swagger-initializer.js, /webjars/*swagger-ui/5.31.0/*swagger-initializer.js] in 'resourceHandlerMapping'
2026-01-09T13:51:09.511-03:00 DEBUG 38224 --- [LibraryAPI] [main] s.w.s.m.m.a.RequestMappingHandlerAdapter : ControllerAdvice beans: 0 @ModelAttribute, 0 @InitBinder, 1 RequestBodyAdvice, 1 ResponseBodyAdvice
2026-01-09T13:51:09.732-03:00 DEBUG 38224 --- [LibraryAPI] [main] .m.m.a.ExceptionHandlerExceptionResolver : ControllerAdvice beans: 2 @ExceptionHandler, 1 ResponseBodyAdvice
2026-01-09T13:51:11.529-03:00 DEBUG 38224 --- [LibraryAPI] [main] s.w.s.m.m.a.RequestMappingHandlerMapping : 1 mappings in 'requestMappingHandlerMapping'
2026-01-09T13:51:11.539-03:00 DEBUG 38224 --- [LibraryAPI] [main] o.s.w.s.handler.SimpleUrlHandlerMapping  : Patterns [/webjars/**, /**, /swagger-ui/**, /swagger-ui/*swagger-initializer.js, /webjars/*swagger-ui/**, /webjars/*swagger-ui/*swagger-initializer.js, /webjars/*swagger-ui/5.31.0/*swagger-initializer.js] in 'resourceHandlerMapping'
2026-01-09T13:51:11.580-03:00 DEBUG 38224 --- [LibraryAPI] [main] s.w.s.m.m.a.RequestMappingHandlerAdapter : ControllerAdvice beans: 0 @ModelAttribute, 0 @InitBinder, 1 RequestBodyAdvice, 1 ResponseBodyAdvice
2026-01-09T13:51:11.669-03:00  INFO 38224 --- [LibraryAPI] [main] i.g.m.LibraryAPI.LibraryApiApplication   : Started LibraryApiApplication in 22.892 seconds (process running for 23.761)
2026-01-09T13:51:11.909-03:00  WARN 38224 --- [LibraryAPI] [main] o.s.core.events.SpringDocAppInitializer  : SpringDoc /v3/api-docs endpoint is enabled by default. To disable it in production, set the property 'springdoc.api-docs.enabled=false'
2026-01-09T13:51:11.911-03:00  WARN 38224 --- [LibraryAPI] [main] o.s.core.events.SpringDocAppInitializer  : SpringDoc /swagger-ui.html endpoint is enabled by default. To disable it in production, set the property 'springdoc.swagger-ui.enabled=false'
2026-01-09T14:35:36.453-03:00  INFO 38224 --- [LibraryAPI] [http-nio-8080-exec-1] o.s.web.servlet.DispatcherServlet        : Initializing Servlet 'dispatcherServlet'
2026-01-09T14:35:36.524-03:00 DEBUG 38224 --- [LibraryAPI] [http-nio-8080-exec-1] o.s.web.servlet.DispatcherServlet        : Detected StandardServletMultipartResolver
2026-01-09T14:35:36.529-03:00 DEBUG 38224 --- [LibraryAPI] [http-nio-8080-exec-1] o.s.web.servlet.DispatcherServlet        : Detected AcceptHeaderLocaleResolver
2026-01-09T14:35:36.824-03:00 DEBUG 38224 --- [LibraryAPI] [http-nio-8080-exec-1] o.s.web.servlet.DispatcherServlet        : Detected org.springframework.web.servlet.view.DefaultRequestToViewNameTranslator@158774d3
2026-01-09T14:35:36.840-03:00 DEBUG 38224 --- [LibraryAPI] [http-nio-8080-exec-1] o.s.web.servlet.DispatcherServlet        : Detected org.springframework.web.servlet.support.SessionFlashMapManager@53bf791
2026-01-09T14:35:36.857-03:00 DEBUG 38224 --- [LibraryAPI] [http-nio-8080-exec-1] o.s.web.servlet.DispatcherServlet        : enableLoggingRequestDetails='false': request parameters and headers will be masked to prevent unsafe logging of potentially sensitive data
2026-01-09T14:35:36.864-03:00  INFO 38224 --- [LibraryAPI] [http-nio-8080-exec-1] o.s.web.servlet.DispatcherServlet        : Completed initialization in 360 ms
2026-01-09T14:35:38.174-03:00 TRACE 38224 --- [LibraryAPI] [http-nio-8080-exec-1] o.s.security.web.FilterChainProxy        : Trying to match request against DefaultSecurityFilterChain defined as 'SecuriyFilterChain' in [class path resource [io/github/marcosvinicius/LibraryAPI/config/SecurityConfiguration.class]] matching [any request] and having filters [DisableEncodeUrl, WebAsyncManagerIntegration, SecurityContextHolder, HeaderWriter, Logout, Security, RequestCacheAware, SecurityContextHolderAwareRequest, AnonymousAuthentication, SessionManagement, ExceptionTranslation, Authorization] (1/1)
2026-01-09T14:35:38.258-03:00 DEBUG 38224 --- [LibraryAPI] [http-nio-8080-exec-1] o.s.security.web.FilterChainProxy        : Securing GET /livros
2026-01-09T14:35:38.442-03:00 TRACE 38224 --- [LibraryAPI] [http-nio-8080-exec-1] o.s.security.web.FilterChainProxy        : Invoking DisableEncodeUrlFilter (1/12)
2026-01-09T14:35:38.566-03:00 TRACE 38224 --- [LibraryAPI] [http-nio-8080-exec-1] o.s.security.web.FilterChainProxy        : Invoking WebAsyncManagerIntegrationFilter (2/12)
2026-01-09T14:35:38.675-03:00 TRACE 38224 --- [LibraryAPI] [http-nio-8080-exec-1] o.s.security.web.FilterChainProxy        : Invoking SecurityContextHolderFilter (3/12)
2026-01-09T14:35:38.928-03:00 TRACE 38224 --- [LibraryAPI] [http-nio-8080-exec-1] o.s.security.web.FilterChainProxy        : Invoking HeaderWriterFilter (4/12)
2026-01-09T14:35:39.282-03:00 TRACE 38224 --- [LibraryAPI] [http-nio-8080-exec-1] o.s.security.web.FilterChainProxy        : Invoking LogoutFilter (5/12)
2026-01-09T14:35:39.324-03:00 TRACE 38224 --- [LibraryAPI] [http-nio-8080-exec-1] o.s.s.w.a.logout.LogoutFilter            : Did not match request to Or [PathPattern [GET /logout], PathPattern [POST /logout], PathPattern [PUT /logout], PathPattern [DELETE /logout]]
2026-01-09T14:35:39.327-03:00 TRACE 38224 --- [LibraryAPI] [http-nio-8080-exec-1] o.s.security.web.FilterChainProxy        : Invoking SecurityFilter (6/12)
2026-01-09T14:35:43.673-03:00 TRACE 38224 --- [LibraryAPI] [http-nio-8080-exec-1] .s.s.w.c.SupplierDeferredSecurityContext : Created SecurityContextImpl [Null authentication]
2026-01-09T14:35:43.674-03:00 DEBUG 38224 --- [LibraryAPI] [http-nio-8080-exec-1] i.g.m.LibraryAPI.config.SecurityFilter   : Autenticado via JWT | subject = mvihsv@gmail.com | Role = [GERENTE] | GET /livros
2026-01-09T14:35:43.677-03:00 TRACE 38224 --- [LibraryAPI] [http-nio-8080-exec-1] o.s.security.web.FilterChainProxy        : Invoking RequestCacheAwareFilter (7/12)
2026-01-09T14:35:43.679-03:00 TRACE 38224 --- [LibraryAPI] [http-nio-8080-exec-1] o.s.security.web.FilterChainProxy        : Invoking SecurityContextHolderAwareRequestFilter (8/12)
2026-01-09T14:35:43.686-03:00 TRACE 38224 --- [LibraryAPI] [http-nio-8080-exec-1] o.s.security.web.FilterChainProxy        : Invoking AnonymousAuthenticationFilter (9/12)
2026-01-09T14:35:43.689-03:00 TRACE 38224 --- [LibraryAPI] [http-nio-8080-exec-1] o.s.security.web.FilterChainProxy        : Invoking SessionManagementFilter (10/12)
2026-01-09T14:35:43.696-03:00 TRACE 38224 --- [LibraryAPI] [http-nio-8080-exec-1] o.s.s.w.a.AnonymousAuthenticationFilter  : Did not set SecurityContextHolder since already authenticated UsernamePasswordAuthenticationToken [Principal=io.github.marcosvinicius.LibraryAPI.model.User@2361fbc0, Credentials=[PROTECTED], Authenticated=true, Details=null, Granted Authorities=[GERENTE]]
2026-01-09T14:35:43.697-03:00 TRACE 38224 --- [LibraryAPI] [http-nio-8080-exec-1] s.CompositeSessionAuthenticationStrategy : Preparing session with ChangeSessionIdAuthenticationStrategy (1/1)
2026-01-09T14:35:43.699-03:00 TRACE 38224 --- [LibraryAPI] [http-nio-8080-exec-1] o.s.security.web.FilterChainProxy        : Invoking ExceptionTranslationFilter (11/12)
2026-01-09T14:35:43.703-03:00 TRACE 38224 --- [LibraryAPI] [http-nio-8080-exec-1] o.s.security.web.FilterChainProxy        : Invoking AuthorizationFilter (12/12)
2026-01-09T14:35:43.714-03:00 TRACE 38224 --- [LibraryAPI] [http-nio-8080-exec-1] estMatcherDelegatingAuthorizationManager : Authorizing GET /livros
2026-01-09T14:35:43.718-03:00 TRACE 38224 --- [LibraryAPI] [http-nio-8080-exec-1] estMatcherDelegatingAuthorizationManager : Checking authorization on GET /livros using org.springframework.security.authorization.AuthenticatedAuthorizationManager@2b200a6f
2026-01-09T14:35:43.751-03:00 DEBUG 38224 --- [LibraryAPI] [http-nio-8080-exec-1] o.s.security.web.FilterChainProxy        : Secured GET /livros
2026-01-09T14:35:43.792-03:00 DEBUG 38224 --- [LibraryAPI] [http-nio-8080-exec-1] o.s.web.servlet.DispatcherServlet        : GET "/livros", parameters={}
2026-01-09T14:35:43.821-03:00 DEBUG 38224 --- [LibraryAPI] [http-nio-8080-exec-1] s.w.s.m.m.a.RequestMappingHandlerMapping : Mapped to io.github.marcosvinicius.LibraryAPI.controller.LivroController#buscarPorParametros(String, String, String, Integer, Genero)
2026-01-09T14:35:43.975-03:00  INFO 38224 --- [LibraryAPI] [http-nio-8080-exec-1] i.g.m.L.controller.LivroController       : Tentativa de busca de livro por parâmetros
2026-01-09T14:35:44.278-03:00  INFO 38224 --- [LibraryAPI] [http-nio-8080-exec-1] i.g.m.L.controller.LivroController       : Busca de livros bem sucedida
2026-01-09T14:35:44.462-03:00 DEBUG 38224 --- [LibraryAPI] [http-nio-8080-exec-1] o.s.w.s.m.m.a.HttpEntityMethodProcessor  : Using 'application/json', given [*/*] and supported [application/json, application/*+json, application/yaml]
2026-01-09T14:35:44.487-03:00 DEBUG 38224 --- [LibraryAPI] [http-nio-8080-exec-1] o.s.w.s.m.m.a.HttpEntityMethodProcessor  : Writing [[ResponseCadastroLivroDTO[isbn=978-0-306-40615-7, titulo=O Laranja foragido, dataPublicacao=1990-07- (truncated)...]
2026-01-09T14:35:44.851-03:00 TRACE 38224 --- [LibraryAPI] [http-nio-8080-exec-1] o.s.s.w.header.writers.HstsHeaderWriter  : Not injecting HSTS header since it did not match request to [Is Secure]
2026-01-09T14:35:44.873-03:00 DEBUG 38224 --- [LibraryAPI] [http-nio-8080-exec-1] o.s.web.servlet.DispatcherServlet        : Completed 200 OK
